Calling mortgage calculator
Term greater than 50 years
Fetching current interest rate for 80 years
Service returned interest rate 5.300000
Number of monthly payments 960
Calculated result is 448.184492
Leaving mortgage calculator
Calling mortgage calculator
Term greater than 50 years
Fetching current interest rate for 80 years
Service returned interest rate 5.300000
Number of monthly payments 960
Calculated result is 448.184492
Leaving mortgage calculator
2018-05-30 10:54:07,155 INFO Calling mortgage calculator
2018-05-30 10:54:07,155 WARNING Term greater than 50 years
2018-05-30 10:54:07,156 DEBUG Fetching current interest rate for 80 years
2018-05-30 10:54:07,156 DEBUG Service returned interest rate 5.300000
2018-05-30 10:54:07,156 DEBUG Number of monthly payments 960
2018-05-30 10:54:07,157 DEBUG Calculated result is 448.184492
2018-05-30 10:54:07,157 DEBUG Leaving mortgage calculator
